<?xml version="1.0" encoding="UTF-8"?>
<coverage generated="1718203245854" clover="3.2.0">
  <project timestamp="1718203245854" name="All files">
    <metrics statements="8" coveredstatements="6" conditionals="1" coveredconditionals="1" methods="4" coveredmethods="3" elements="13" coveredelements="10" complexity="0" loc="8" ncloc="8" packages="1" files="1" classes="1"/>
    <file name="graph.ts" path="/Users/jakerye/Code/interview/src/graph.ts">
      <metrics statements="8" coveredstatements="6" conditionals="1" coveredconditionals="1" methods="4" coveredmethods="3"/>
      <line num="6" count="1" type="stmt"/>
      <line num="10" count="1" type="stmt"/>
      <line num="14" count="6" type="cond" truecount="1" falsecount="0"/>
      <line num="15" count="4" type="stmt"/>
      <line num="19" count="6" type="stmt"/>
      <line num="20" count="6" type="stmt"/>
      <line num="24" count="0" type="stmt"/>
      <line num="25" count="0" type="stmt"/>
    </file>
  </project>
</coverage>
