{"/Users/jakerye/Code/interview/src/graph.ts": {"path":"/Users/jakerye/Code/interview/src/graph.ts","statementMap":{"0":{"start":{"line":10,"column":4},"end":{"line":10,"column":35}},"1":{"start":{"line":14,"column":4},"end":{"line":14,"column":47}},"2":{"start":{"line":14,"column":40},"end":{"line":14,"column":47}},"3":{"start":{"line":15,"column":4},"end":{"line":15,"column":39}},"4":{"start":{"line":19,"column":4},"end":{"line":19,"column":28}},"5":{"start":{"line":20,"column":4},"end":{"line":20,"column":69}},"6":{"start":{"line":24,"column":4},"end":{"line":24,"column":52}},"7":{"start":{"line":25,"column":4},"end":{"line":25,"column":52}},"8":{"start":{"line":6,"column":0},"end":{"line":6,"column":13}}},"fnMap":{"0":{"name":"(anonymous_0)","decl":{"start":{"line":9,"column":2},"end":{"line":9,"column":null}},"loc":{"start":{"line":9,"column":2},"end":{"line":11,"column":3}}},"1":{"name":"(anonymous_1)","decl":{"start":{"line":13,"column":9},"end":{"line":13,"column":18}},"loc":{"start":{"line":13,"column":33},"end":{"line":16,"column":3}}},"2":{"name":"(anonymous_2)","decl":{"start":{"line":18,"column":9},"end":{"line":18,"column":27}},"loc":{"start":{"line":18,"column":69},"end":{"line":21,"column":3}}},"3":{"name":"(anonymous_3)","decl":{"start":{"line":23,"column":9},"end":{"line":23,"column":29}},"loc":{"start":{"line":23,"column":71},"end":{"line":26,"column":3}}}},"branchMap":{"0":{"loc":{"start":{"line":14,"column":4},"end":{"line":14,"column":47}},"type":"if","locations":[{"start":{"line":14,"column":4},"end":{"line":14,"column":47}}]}},"s":{"0":1,"1":6,"2":2,"3":4,"4":6,"5":6,"6":0,"7":0,"8":1},"f":{"0":1,"1":6,"2":6,"3":0},"b":{"0":[2]}}
}
